Grammar

    0 $accept: programa $end

    1 programa: declaracoes configuracao loop

    2 declaracoes: declaracao
    3            | declaracoes declaracao

    4 declaracao: VAR tipo_declaracao DOIS_PONTOS lista_identificadores PONTO_E_VIRGULA

    5 configuracao: CONFIG comandos FIM

    6 loop: REPITA comandos FIM

    7 comandos: comando
    8         | comandos comando

    9 comando: IDENTIFICADOR IGUALDADE expressao PONTO_E_VIRGULA
   10        | CONFIGURAR IDENTIFICADOR COMO SAIDA PONTO_E_VIRGULA
   11        | CONFIGURAR IDENTIFICADOR COMO ENTRADA PONTO_E_VIRGULA
   12        | CONFIGURAR_SERIAL NUM PONTO_E_VIRGULA
   13        | LIGAR IDENTIFICADOR PONTO_E_VIRGULA
   14        | DESLIGAR IDENTIFICADOR PONTO_E_VIRGULA
   15        | ESPERAR NUM PONTO_E_VIRGULA
   16        | IDENTIFICADOR IGUALDADE LER_DIGITAL IDENTIFICADOR PONTO_E_VIRGULA
   17        | IDENTIFICADOR IGUALDADE LER_ANALOGICO IDENTIFICADOR PONTO_E_VIRGULA
   18        | CONFIGURAR_PWM IDENTIFICADOR COM FREQUENCIA NUM RESOLUCAO NUM PONTO_E_VIRGULA
   19        | AJUSTAR_PWM IDENTIFICADOR COM VALOR IDENTIFICADOR PONTO_E_VIRGULA
   20        | AJUSTAR_PWM IDENTIFICADOR COM VALOR NUM PONTO_E_VIRGULA
   21        | SE condicao ENTAO comandos SENAO comandos FIM
   22        | CONECTAR_WIFI IDENTIFICADOR IDENTIFICADOR PONTO_E_VIRGULA
   23        | SE condicao ENTAO comandos FIM
   24        | ENQUANTO condicao comandos FIM
   25        | ESCREVER_SERIAL STRING PONTO_E_VIRGULA
   26        | ESCREVER_SERIAL IDENTIFICADOR PONTO_E_VIRGULA
   27        | IDENTIFICADOR IGUALDADE LER_SERIAL PONTO_E_VIRGULA
   28        | ENVIAR_HTTP STRING STRING PONTO_E_VIRGULA

   29 lista_identificadores: IDENTIFICADOR
   30                      | lista_identificadores VIRGULA IDENTIFICADOR

   31 expressao: IDENTIFICADOR
   32          | NUM
   33          | STRING
   34          | expressao SOMA expressao
   35          | expressao SUBTRACAO expressao
   36          | expressao MULTIPLICACAO expressao
   37          | expressao DIVISAO expressao
   38          | expressao IGUAL expressao
   39          | expressao DIFERENTE expressao
   40          | expressao MENOR expressao
   41          | expressao MAIOR expressao
   42          | expressao MENOR_IGUAL expressao
   43          | expressao MAIOR_IGUAL expressao
   44          | '(' expressao ')'

   45 condicao: expressao IGUAL expressao
   46         | expressao DIFERENTE expressao
   47         | expressao MENOR expressao
   48         | expressao MAIOR expressao
   49         | expressao MENOR_IGUAL expressao
   50         | expressao MAIOR_IGUAL expressao

   51 tipo_declaracao: INTEIRO
   52                | BOOLEANO
   53                | TEXTO


Terminals, with rules where they appear

    $end (0) 0
    '(' (40) 44
    ')' (41) 44
    error (256)
    IGUALDADE (258) 9 16 17 27
    SOMA (259) 34
    SUBTRACAO (260) 35
    MULTIPLICACAO (261) 36
    DIVISAO (262) 37
    IGUAL (263) 38 45
    DIFERENTE (264) 39 46
    MENOR (265) 40 47
    MAIOR (266) 41 48
    MENOR_IGUAL (267) 42 49
    MAIOR_IGUAL (268) 43 50
    IDENTIFICADOR <texto> (269) 9 10 11 13 14 16 17 18 19 20 22 26 27 29 30 31
    NUM <num> (270) 12 15 18 20 32
    STRING <texto> (271) 25 28 33
    VAR (272) 4
    CONFIGURAR (273) 10 11
    COMO (274) 10 11
    SAIDA (275) 10
    LIGAR (276) 13
    DESLIGAR (277) 14
    ESPERAR (278) 15
    INTEIRO (279) 51
    BOOLEANO (280) 52
    TEXTO (281) 53
    CONFIG (282) 5
    REPITA (283) 6
    FIM (284) 5 6 21 23 24
    ENTRADA (285) 11
    CONECTAR_WIFI (286) 22
    LER_DIGITAL (287) 16
    LER_ANALOGICO (288) 17
    CONFIGURAR_PWM (289) 18
    FREQUENCIA (290) 18
    RESOLUCAO (291) 18
    AJUSTAR_PWM (292) 19 20
    VALOR (293) 19 20
    COM (294) 18 19 20
    SE (295) 21 23
    SENAO (296) 21
    ENTAO (297) 21 23
    ENQUANTO (298) 24
    ESCREVER_SERIAL (299) 25 26
    LER_SERIAL (300) 27
    ENVIAR_HTTP (301) 28
    DOIS_PONTOS (302) 4
    PONTO_E_VIRGULA (303) 4 9 10 11 12 13 14 15 16 17 18 19 20 22 25 26 27 28
    VIRGULA (304) 30
    CONFIGURAR_SERIAL (305) 12


Nonterminals, with rules where they appear

    $accept (53)
        on left: 0
    programa <texto> (54)
        on left: 1
        on right: 0
    declaracoes <texto> (55)
        on left: 2 3
        on right: 1 3
    declaracao <texto> (56)
        on left: 4
        on right: 2 3
    configuracao <texto> (57)
        on left: 5
        on right: 1
    loop <texto> (58)
        on left: 6
        on right: 1
    comandos <texto> (59)
        on left: 7 8
        on right: 5 6 8 21 23 24
    comando <texto> (60)
        on left: 9 10 11 12 13 14 15 16 17 18 19 20 21 22 23 24 25 26 27 28
        on right: 7 8
    lista_identificadores <texto> (61)
        on left: 29 30
        on right: 4 30
    expressao <texto> (62)
        on left: 31 32 33 34 35 36 37 38 39 40 41 42 43 44
        on right: 9 34 35 36 37 38 39 40 41 42 43 44 45 46 47 48 49 50
    condicao <texto> (63)
        on left: 45 46 47 48 49 50
        on right: 21 23 24
    tipo_declaracao <texto> (64)
        on left: 51 52 53
        on right: 4


State 0

    0 $accept: . programa $end

    VAR  shift, and go to state 1

    programa     go to state 2
    declaracoes  go to state 3
    declaracao   go to state 4


State 1

    4 declaracao: VAR . tipo_declaracao DOIS_PONTOS lista_identificadores PONTO_E_VIRGULA

    INTEIRO   shift, and go to state 5
    BOOLEANO  shift, and go to state 6
    TEXTO     shift, and go to state 7

    tipo_declaracao  go to state 8


State 2

    0 $accept: programa . $end

    $end  shift, and go to state 9


State 3

    1 programa: declaracoes . configuracao loop
    3 declaracoes: declaracoes . declaracao

    VAR     shift, and go to state 1
    CONFIG  shift, and go to state 10

    declaracao    go to state 11
    configuracao  go to state 12


State 4

    2 declaracoes: declaracao .

    $default  reduce using rule 2 (declaracoes)


State 5

   51 tipo_declaracao: INTEIRO .

    $default  reduce using rule 51 (tipo_declaracao)


State 6

   52 tipo_declaracao: BOOLEANO .

    $default  reduce using rule 52 (tipo_declaracao)


State 7

   53 tipo_declaracao: TEXTO .

    $default  reduce using rule 53 (tipo_declaracao)


State 8

    4 declaracao: VAR tipo_declaracao . DOIS_PONTOS lista_identificadores PONTO_E_VIRGULA

    DOIS_PONTOS  shift, and go to state 13


State 9

    0 $accept: programa $end .

    $default  accept


State 10

    5 configuracao: CONFIG . comandos FIM

    IDENTIFICADOR      shift, and go to state 14
    CONFIGURAR         shift, and go to state 15
    LIGAR              shift, and go to state 16
    DESLIGAR           shift, and go to state 17
    ESPERAR            shift, and go to state 18
    CONECTAR_WIFI      shift, and go to state 19
    CONFIGURAR_PWM     shift, and go to state 20
    AJUSTAR_PWM        shift, and go to state 21
    SE                 shift, and go to state 22
    ENQUANTO           shift, and go to state 23
    ESCREVER_SERIAL    shift, and go to state 24
    ENVIAR_HTTP        shift, and go to state 25
    CONFIGURAR_SERIAL  shift, and go to state 26

    comandos  go to state 27
    comando   go to state 28


State 11

    3 declaracoes: declaracoes declaracao .

    $default  reduce using rule 3 (declaracoes)


State 12

    1 programa: declaracoes configuracao . loop

    REPITA  shift, and go to state 29

    loop  go to state 30


State 13

    4 declaracao: VAR tipo_declaracao DOIS_PONTOS . lista_identificadores PONTO_E_VIRGULA

    IDENTIFICADOR  shift, and go to state 31

    lista_identificadores  go to state 32


State 14

    9 comando: IDENTIFICADOR . IGUALDADE expressao PONTO_E_VIRGULA
   16        | IDENTIFICADOR . IGUALDADE LER_DIGITAL IDENTIFICADOR PONTO_E_VIRGULA
   17        | IDENTIFICADOR . IGUALDADE LER_ANALOGICO IDENTIFICADOR PONTO_E_VIRGULA
   27        | IDENTIFICADOR . IGUALDADE LER_SERIAL PONTO_E_VIRGULA

    IGUALDADE  shift, and go to state 33


State 15

   10 comando: CONFIGURAR . IDENTIFICADOR COMO SAIDA PONTO_E_VIRGULA
   11        | CONFIGURAR . IDENTIFICADOR COMO ENTRADA PONTO_E_VIRGULA

    IDENTIFICADOR  shift, and go to state 34


State 16

   13 comando: LIGAR . IDENTIFICADOR PONTO_E_VIRGULA

    IDENTIFICADOR  shift, and go to state 35


State 17

   14 comando: DESLIGAR . IDENTIFICADOR PONTO_E_VIRGULA

    IDENTIFICADOR  shift, and go to state 36


State 18

   15 comando: ESPERAR . NUM PONTO_E_VIRGULA

    NUM  shift, and go to state 37


State 19

   22 comando: CONECTAR_WIFI . IDENTIFICADOR IDENTIFICADOR PONTO_E_VIRGULA

    IDENTIFICADOR  shift, and go to state 38


State 20

   18 comando: CONFIGURAR_PWM . IDENTIFICADOR COM FREQUENCIA NUM RESOLUCAO NUM PONTO_E_VIRGULA

    IDENTIFICADOR  shift, and go to state 39


State 21

   19 comando: AJUSTAR_PWM . IDENTIFICADOR COM VALOR IDENTIFICADOR PONTO_E_VIRGULA
   20        | AJUSTAR_PWM . IDENTIFICADOR COM VALOR NUM PONTO_E_VIRGULA

    IDENTIFICADOR  shift, and go to state 40


State 22

   21 comando: SE . condicao ENTAO comandos SENAO comandos FIM
   23        | SE . condicao ENTAO comandos FIM

    IDENTIFICADOR  shift, and go to state 41
    NUM            shift, and go to state 42
    STRING         shift, and go to state 43
    '('            shift, and go to state 44

    expressao  go to state 45
    condicao   go to state 46


State 23

   24 comando: ENQUANTO . condicao comandos FIM

    IDENTIFICADOR  shift, and go to state 41
    NUM            shift, and go to state 42
    STRING         shift, and go to state 43
    '('            shift, and go to state 44

    expressao  go to state 45
    condicao   go to state 47


State 24

   25 comando: ESCREVER_SERIAL . STRING PONTO_E_VIRGULA
   26        | ESCREVER_SERIAL . IDENTIFICADOR PONTO_E_VIRGULA

    IDENTIFICADOR  shift, and go to state 48
    STRING         shift, and go to state 49


State 25

   28 comando: ENVIAR_HTTP . STRING STRING PONTO_E_VIRGULA

    STRING  shift, and go to state 50


State 26

   12 comando: CONFIGURAR_SERIAL . NUM PONTO_E_VIRGULA

    NUM  shift, and go to state 51


State 27

    5 configuracao: CONFIG comandos . FIM
    8 comandos: comandos . comando

    IDENTIFICADOR      shift, and go to state 14
    CONFIGURAR         shift, and go to state 15
    LIGAR              shift, and go to state 16
    DESLIGAR           shift, and go to state 17
    ESPERAR            shift, and go to state 18
    FIM                shift, and go to state 52
    CONECTAR_WIFI      shift, and go to state 19
    CONFIGURAR_PWM     shift, and go to state 20
    AJUSTAR_PWM        shift, and go to state 21
    SE                 shift, and go to state 22
    ENQUANTO           shift, and go to state 23
    ESCREVER_SERIAL    shift, and go to state 24
    ENVIAR_HTTP        shift, and go to state 25
    CONFIGURAR_SERIAL  shift, and go to state 26

    comando  go to state 53


State 28

    7 comandos: comando .

    $default  reduce using rule 7 (comandos)


State 29

    6 loop: REPITA . comandos FIM

    IDENTIFICADOR      shift, and go to state 14
    CONFIGURAR         shift, and go to state 15
    LIGAR              shift, and go to state 16
    DESLIGAR           shift, and go to state 17
    ESPERAR            shift, and go to state 18
    CONECTAR_WIFI      shift, and go to state 19
    CONFIGURAR_PWM     shift, and go to state 20
    AJUSTAR_PWM        shift, and go to state 21
    SE                 shift, and go to state 22
    ENQUANTO           shift, and go to state 23
    ESCREVER_SERIAL    shift, and go to state 24
    ENVIAR_HTTP        shift, and go to state 25
    CONFIGURAR_SERIAL  shift, and go to state 26

    comandos  go to state 54
    comando   go to state 28


State 30

    1 programa: declaracoes configuracao loop .

    $default  reduce using rule 1 (programa)


State 31

   29 lista_identificadores: IDENTIFICADOR .

    $default  reduce using rule 29 (lista_identificadores)


State 32

    4 declaracao: VAR tipo_declaracao DOIS_PONTOS lista_identificadores . PONTO_E_VIRGULA
   30 lista_identificadores: lista_identificadores . VIRGULA IDENTIFICADOR

    PONTO_E_VIRGULA  shift, and go to state 55
    VIRGULA          shift, and go to state 56


State 33

    9 comando: IDENTIFICADOR IGUALDADE . expressao PONTO_E_VIRGULA
   16        | IDENTIFICADOR IGUALDADE . LER_DIGITAL IDENTIFICADOR PONTO_E_VIRGULA
   17        | IDENTIFICADOR IGUALDADE . LER_ANALOGICO IDENTIFICADOR PONTO_E_VIRGULA
   27        | IDENTIFICADOR IGUALDADE . LER_SERIAL PONTO_E_VIRGULA

    IDENTIFICADOR  shift, and go to state 41
    NUM            shift, and go to state 42
    STRING         shift, and go to state 43
    LER_DIGITAL    shift, and go to state 57
    LER_ANALOGICO  shift, and go to state 58
    LER_SERIAL     shift, and go to state 59
    '('            shift, and go to state 44

    expressao  go to state 60


State 34

   10 comando: CONFIGURAR IDENTIFICADOR . COMO SAIDA PONTO_E_VIRGULA
   11        | CONFIGURAR IDENTIFICADOR . COMO ENTRADA PONTO_E_VIRGULA

    COMO  shift, and go to state 61


State 35

   13 comando: LIGAR IDENTIFICADOR . PONTO_E_VIRGULA

    PONTO_E_VIRGULA  shift, and go to state 62


State 36

   14 comando: DESLIGAR IDENTIFICADOR . PONTO_E_VIRGULA

    PONTO_E_VIRGULA  shift, and go to state 63


State 37

   15 comando: ESPERAR NUM . PONTO_E_VIRGULA

    PONTO_E_VIRGULA  shift, and go to state 64


State 38

   22 comando: CONECTAR_WIFI IDENTIFICADOR . IDENTIFICADOR PONTO_E_VIRGULA

    IDENTIFICADOR  shift, and go to state 65


State 39

   18 comando: CONFIGURAR_PWM IDENTIFICADOR . COM FREQUENCIA NUM RESOLUCAO NUM PONTO_E_VIRGULA

    COM  shift, and go to state 66


State 40

   19 comando: AJUSTAR_PWM IDENTIFICADOR . COM VALOR IDENTIFICADOR PONTO_E_VIRGULA
   20        | AJUSTAR_PWM IDENTIFICADOR . COM VALOR NUM PONTO_E_VIRGULA

    COM  shift, and go to state 67


State 41

   31 expressao: IDENTIFICADOR .

    $default  reduce using rule 31 (expressao)


State 42

   32 expressao: NUM .

    $default  reduce using rule 32 (expressao)


State 43

   33 expressao: STRING .

    $default  reduce using rule 33 (expressao)


State 44

   44 expressao: '(' . expressao ')'

    IDENTIFICADOR  shift, and go to state 41
    NUM            shift, and go to state 42
    STRING         shift, and go to state 43
    '('            shift, and go to state 44

    expressao  go to state 68


State 45

   34 expressao: expressao . SOMA expressao
   35          | expressao . SUBTRACAO expressao
   36          | expressao . MULTIPLICACAO expressao
   37          | expressao . DIVISAO expressao
   38          | expressao . IGUAL expressao
   39          | expressao . DIFERENTE expressao
   40          | expressao . MENOR expressao
   41          | expressao . MAIOR expressao
   42          | expressao . MENOR_IGUAL expressao
   43          | expressao . MAIOR_IGUAL expressao
   45 condicao: expressao . IGUAL expressao
   46         | expressao . DIFERENTE expressao
   47         | expressao . MENOR expressao
   48         | expressao . MAIOR expressao
   49         | expressao . MENOR_IGUAL expressao
   50         | expressao . MAIOR_IGUAL expressao

    SOMA           shift, and go to state 69
    SUBTRACAO      shift, and go to state 70
    MULTIPLICACAO  shift, and go to state 71
    DIVISAO        shift, and go to state 72
    IGUAL          shift, and go to state 73
    DIFERENTE      shift, and go to state 74
    MENOR          shift, and go to state 75
    MAIOR          shift, and go to state 76
    MENOR_IGUAL    shift, and go to state 77
    MAIOR_IGUAL    shift, and go to state 78


State 46

   21 comando: SE condicao . ENTAO comandos SENAO comandos FIM
   23        | SE condicao . ENTAO comandos FIM

    ENTAO  shift, and go to state 79


State 47

   24 comando: ENQUANTO condicao . comandos FIM

    IDENTIFICADOR      shift, and go to state 14
    CONFIGURAR         shift, and go to state 15
    LIGAR              shift, and go to state 16
    DESLIGAR           shift, and go to state 17
    ESPERAR            shift, and go to state 18
    CONECTAR_WIFI      shift, and go to state 19
    CONFIGURAR_PWM     shift, and go to state 20
    AJUSTAR_PWM        shift, and go to state 21
    SE                 shift, and go to state 22
    ENQUANTO           shift, and go to state 23
    ESCREVER_SERIAL    shift, and go to state 24
    ENVIAR_HTTP        shift, and go to state 25
    CONFIGURAR_SERIAL  shift, and go to state 26

    comandos  go to state 80
    comando   go to state 28


State 48

   26 comando: ESCREVER_SERIAL IDENTIFICADOR . PONTO_E_VIRGULA

    PONTO_E_VIRGULA  shift, and go to state 81


State 49

   25 comando: ESCREVER_SERIAL STRING . PONTO_E_VIRGULA

    PONTO_E_VIRGULA  shift, and go to state 82


State 50

   28 comando: ENVIAR_HTTP STRING . STRING PONTO_E_VIRGULA

    STRING  shift, and go to state 83


State 51

   12 comando: CONFIGURAR_SERIAL NUM . PONTO_E_VIRGULA

    PONTO_E_VIRGULA  shift, and go to state 84


State 52

    5 configuracao: CONFIG comandos FIM .

    $default  reduce using rule 5 (configuracao)


State 53

    8 comandos: comandos comando .

    $default  reduce using rule 8 (comandos)


State 54

    6 loop: REPITA comandos . FIM
    8 comandos: comandos . comando

    IDENTIFICADOR      shift, and go to state 14
    CONFIGURAR         shift, and go to state 15
    LIGAR              shift, and go to state 16
    DESLIGAR           shift, and go to state 17
    ESPERAR            shift, and go to state 18
    FIM                shift, and go to state 85
    CONECTAR_WIFI      shift, and go to state 19
    CONFIGURAR_PWM     shift, and go to state 20
    AJUSTAR_PWM        shift, and go to state 21
    SE                 shift, and go to state 22
    ENQUANTO           shift, and go to state 23
    ESCREVER_SERIAL    shift, and go to state 24
    ENVIAR_HTTP        shift, and go to state 25
    CONFIGURAR_SERIAL  shift, and go to state 26

    comando  go to state 53


State 55

    4 declaracao: VAR tipo_declaracao DOIS_PONTOS lista_identificadores PONTO_E_VIRGULA .

    $default  reduce using rule 4 (declaracao)


State 56

   30 lista_identificadores: lista_identificadores VIRGULA . IDENTIFICADOR

    IDENTIFICADOR  shift, and go to state 86


State 57

   16 comando: IDENTIFICADOR IGUALDADE LER_DIGITAL . IDENTIFICADOR PONTO_E_VIRGULA

    IDENTIFICADOR  shift, and go to state 87


State 58

   17 comando: IDENTIFICADOR IGUALDADE LER_ANALOGICO . IDENTIFICADOR PONTO_E_VIRGULA

    IDENTIFICADOR  shift, and go to state 88


State 59

   27 comando: IDENTIFICADOR IGUALDADE LER_SERIAL . PONTO_E_VIRGULA

    PONTO_E_VIRGULA  shift, and go to state 89


State 60

    9 comando: IDENTIFICADOR IGUALDADE expressao . PONTO_E_VIRGULA
   34 expressao: expressao . SOMA expressao
   35          | expressao . SUBTRACAO expressao
   36          | expressao . MULTIPLICACAO expressao
   37          | expressao . DIVISAO expressao
   38          | expressao . IGUAL expressao
   39          | expressao . DIFERENTE expressao
   40          | expressao . MENOR expressao
   41          | expressao . MAIOR expressao
   42          | expressao . MENOR_IGUAL expressao
   43          | expressao . MAIOR_IGUAL expressao

    SOMA             shift, and go to state 69
    SUBTRACAO        shift, and go to state 70
    MULTIPLICACAO    shift, and go to state 71
    DIVISAO          shift, and go to state 72
    IGUAL            shift, and go to state 90
    DIFERENTE        shift, and go to state 91
    MENOR            shift, and go to state 92
    MAIOR            shift, and go to state 93
    MENOR_IGUAL      shift, and go to state 94
    MAIOR_IGUAL      shift, and go to state 95
    PONTO_E_VIRGULA  shift, and go to state 96


State 61

   10 comando: CONFIGURAR IDENTIFICADOR COMO . SAIDA PONTO_E_VIRGULA
   11        | CONFIGURAR IDENTIFICADOR COMO . ENTRADA PONTO_E_VIRGULA

    SAIDA    shift, and go to state 97
    ENTRADA  shift, and go to state 98


State 62

   13 comando: LIGAR IDENTIFICADOR PONTO_E_VIRGULA .

    $default  reduce using rule 13 (comando)


State 63

   14 comando: DESLIGAR IDENTIFICADOR PONTO_E_VIRGULA .

    $default  reduce using rule 14 (comando)


State 64

   15 comando: ESPERAR NUM PONTO_E_VIRGULA .

    $default  reduce using rule 15 (comando)


State 65

   22 comando: CONECTAR_WIFI IDENTIFICADOR IDENTIFICADOR . PONTO_E_VIRGULA

    PONTO_E_VIRGULA  shift, and go to state 99


State 66

   18 comando: CONFIGURAR_PWM IDENTIFICADOR COM . FREQUENCIA NUM RESOLUCAO NUM PONTO_E_VIRGULA

    FREQUENCIA  shift, and go to state 100


State 67

   19 comando: AJUSTAR_PWM IDENTIFICADOR COM . VALOR IDENTIFICADOR PONTO_E_VIRGULA
   20        | AJUSTAR_PWM IDENTIFICADOR COM . VALOR NUM PONTO_E_VIRGULA

    VALOR  shift, and go to state 101


State 68

   34 expressao: expressao . SOMA expressao
   35          | expressao . SUBTRACAO expressao
   36          | expressao . MULTIPLICACAO expressao
   37          | expressao . DIVISAO expressao
   38          | expressao . IGUAL expressao
   39          | expressao . DIFERENTE expressao
   40          | expressao . MENOR expressao
   41          | expressao . MAIOR expressao
   42          | expressao . MENOR_IGUAL expressao
   43          | expressao . MAIOR_IGUAL expressao
   44          | '(' expressao . ')'

    SOMA           shift, and go to state 69
    SUBTRACAO      shift, and go to state 70
    MULTIPLICACAO  shift, and go to state 71
    DIVISAO        shift, and go to state 72
    IGUAL          shift, and go to state 90
    DIFERENTE      shift, and go to state 91
    MENOR          shift, and go to state 92
    MAIOR          shift, and go to state 93
    MENOR_IGUAL    shift, and go to state 94
    MAIOR_IGUAL    shift, and go to state 95
    ')'            shift, and go to state 102


State 69

   34 expressao: expressao SOMA . expressao

    IDENTIFICADOR  shift, and go to state 41
    NUM            shift, and go to state 42
    STRING         shift, and go to state 43
    '('            shift, and go to state 44

    expressao  go to state 103


State 70

   35 expressao: expressao SUBTRACAO . expressao

    IDENTIFICADOR  shift, and go to state 41
    NUM            shift, and go to state 42
    STRING         shift, and go to state 43
    '('            shift, and go to state 44

    expressao  go to state 104


State 71

   36 expressao: expressao MULTIPLICACAO . expressao

    IDENTIFICADOR  shift, and go to state 41
    NUM            shift, and go to state 42
    STRING         shift, and go to state 43
    '('            shift, and go to state 44

    expressao  go to state 105


State 72

   37 expressao: expressao DIVISAO . expressao

    IDENTIFICADOR  shift, and go to state 41
    NUM            shift, and go to state 42
    STRING         shift, and go to state 43
    '('            shift, and go to state 44

    expressao  go to state 106


State 73

   38 expressao: expressao IGUAL . expressao
   45 condicao: expressao IGUAL . expressao

    IDENTIFICADOR  shift, and go to state 41
    NUM            shift, and go to state 42
    STRING         shift, and go to state 43
    '('            shift, and go to state 44

    expressao  go to state 107


State 74

   39 expressao: expressao DIFERENTE . expressao
   46 condicao: expressao DIFERENTE . expressao

    IDENTIFICADOR  shift, and go to state 41
    NUM            shift, and go to state 42
    STRING         shift, and go to state 43
    '('            shift, and go to state 44

    expressao  go to state 108


State 75

   40 expressao: expressao MENOR . expressao
   47 condicao: expressao MENOR . expressao

    IDENTIFICADOR  shift, and go to state 41
    NUM            shift, and go to state 42
    STRING         shift, and go to state 43
    '('            shift, and go to state 44

    expressao  go to state 109


State 76

   41 expressao: expressao MAIOR . expressao
   48 condicao: expressao MAIOR . expressao

    IDENTIFICADOR  shift, and go to state 41
    NUM            shift, and go to state 42
    STRING         shift, and go to state 43
    '('            shift, and go to state 44

    expressao  go to state 110


State 77

   42 expressao: expressao MENOR_IGUAL . expressao
   49 condicao: expressao MENOR_IGUAL . expressao

    IDENTIFICADOR  shift, and go to state 41
    NUM            shift, and go to state 42
    STRING         shift, and go to state 43
    '('            shift, and go to state 44

    expressao  go to state 111


State 78

   43 expressao: expressao MAIOR_IGUAL . expressao
   50 condicao: expressao MAIOR_IGUAL . expressao

    IDENTIFICADOR  shift, and go to state 41
    NUM            shift, and go to state 42
    STRING         shift, and go to state 43
    '('            shift, and go to state 44

    expressao  go to state 112


State 79

   21 comando: SE condicao ENTAO . comandos SENAO comandos FIM
   23        | SE condicao ENTAO . comandos FIM

    IDENTIFICADOR      shift, and go to state 14
    CONFIGURAR         shift, and go to state 15
    LIGAR              shift, and go to state 16
    DESLIGAR           shift, and go to state 17
    ESPERAR            shift, and go to state 18
    CONECTAR_WIFI      shift, and go to state 19
    CONFIGURAR_PWM     shift, and go to state 20
    AJUSTAR_PWM        shift, and go to state 21
    SE                 shift, and go to state 22
    ENQUANTO           shift, and go to state 23
    ESCREVER_SERIAL    shift, and go to state 24
    ENVIAR_HTTP        shift, and go to state 25
    CONFIGURAR_SERIAL  shift, and go to state 26

    comandos  go to state 113
    comando   go to state 28


State 80

    8 comandos: comandos . comando
   24 comando: ENQUANTO condicao comandos . FIM

    IDENTIFICADOR      shift, and go to state 14
    CONFIGURAR         shift, and go to state 15
    LIGAR              shift, and go to state 16
    DESLIGAR           shift, and go to state 17
    ESPERAR            shift, and go to state 18
    FIM                shift, and go to state 114
    CONECTAR_WIFI      shift, and go to state 19
    CONFIGURAR_PWM     shift, and go to state 20
    AJUSTAR_PWM        shift, and go to state 21
    SE                 shift, and go to state 22
    ENQUANTO           shift, and go to state 23
    ESCREVER_SERIAL    shift, and go to state 24
    ENVIAR_HTTP        shift, and go to state 25
    CONFIGURAR_SERIAL  shift, and go to state 26

    comando  go to state 53


State 81

   26 comando: ESCREVER_SERIAL IDENTIFICADOR PONTO_E_VIRGULA .

    $default  reduce using rule 26 (comando)


State 82

   25 comando: ESCREVER_SERIAL STRING PONTO_E_VIRGULA .

    $default  reduce using rule 25 (comando)


State 83

   28 comando: ENVIAR_HTTP STRING STRING . PONTO_E_VIRGULA

    PONTO_E_VIRGULA  shift, and go to state 115


State 84

   12 comando: CONFIGURAR_SERIAL NUM PONTO_E_VIRGULA .

    $default  reduce using rule 12 (comando)


State 85

    6 loop: REPITA comandos FIM .

    $default  reduce using rule 6 (loop)


State 86

   30 lista_identificadores: lista_identificadores VIRGULA IDENTIFICADOR .

    $default  reduce using rule 30 (lista_identificadores)


State 87

   16 comando: IDENTIFICADOR IGUALDADE LER_DIGITAL IDENTIFICADOR . PONTO_E_VIRGULA

    PONTO_E_VIRGULA  shift, and go to state 116


State 88

   17 comando: IDENTIFICADOR IGUALDADE LER_ANALOGICO IDENTIFICADOR . PONTO_E_VIRGULA

    PONTO_E_VIRGULA  shift, and go to state 117


State 89

   27 comando: IDENTIFICADOR IGUALDADE LER_SERIAL PONTO_E_VIRGULA .

    $default  reduce using rule 27 (comando)


State 90

   38 expressao: expressao IGUAL . expressao

    IDENTIFICADOR  shift, and go to state 41
    NUM            shift, and go to state 42
    STRING         shift, and go to state 43
    '('            shift, and go to state 44

    expressao  go to state 118


State 91

   39 expressao: expressao DIFERENTE . expressao

    IDENTIFICADOR  shift, and go to state 41
    NUM            shift, and go to state 42
    STRING         shift, and go to state 43
    '('            shift, and go to state 44

    expressao  go to state 119


State 92

   40 expressao: expressao MENOR . expressao

    IDENTIFICADOR  shift, and go to state 41
    NUM            shift, and go to state 42
    STRING         shift, and go to state 43
    '('            shift, and go to state 44

    expressao  go to state 120


State 93

   41 expressao: expressao MAIOR . expressao

    IDENTIFICADOR  shift, and go to state 41
    NUM            shift, and go to state 42
    STRING         shift, and go to state 43
    '('            shift, and go to state 44

    expressao  go to state 121


State 94

   42 expressao: expressao MENOR_IGUAL . expressao

    IDENTIFICADOR  shift, and go to state 41
    NUM            shift, and go to state 42
    STRING         shift, and go to state 43
    '('            shift, and go to state 44

    expressao  go to state 122


State 95

   43 expressao: expressao MAIOR_IGUAL . expressao

    IDENTIFICADOR  shift, and go to state 41
    NUM            shift, and go to state 42
    STRING         shift, and go to state 43
    '('            shift, and go to state 44

    expressao  go to state 123


State 96

    9 comando: IDENTIFICADOR IGUALDADE expressao PONTO_E_VIRGULA .

    $default  reduce using rule 9 (comando)


State 97

   10 comando: CONFIGURAR IDENTIFICADOR COMO SAIDA . PONTO_E_VIRGULA

    PONTO_E_VIRGULA  shift, and go to state 124


State 98

   11 comando: CONFIGURAR IDENTIFICADOR COMO ENTRADA . PONTO_E_VIRGULA

    PONTO_E_VIRGULA  shift, and go to state 125


State 99

   22 comando: CONECTAR_WIFI IDENTIFICADOR IDENTIFICADOR PONTO_E_VIRGULA .

    $default  reduce using rule 22 (comando)


State 100

   18 comando: CONFIGURAR_PWM IDENTIFICADOR COM FREQUENCIA . NUM RESOLUCAO NUM PONTO_E_VIRGULA

    NUM  shift, and go to state 126


State 101

   19 comando: AJUSTAR_PWM IDENTIFICADOR COM VALOR . IDENTIFICADOR PONTO_E_VIRGULA
   20        | AJUSTAR_PWM IDENTIFICADOR COM VALOR . NUM PONTO_E_VIRGULA

    IDENTIFICADOR  shift, and go to state 127
    NUM            shift, and go to state 128


State 102

   44 expressao: '(' expressao ')' .

    $default  reduce using rule 44 (expressao)


State 103

   34 expressao: expressao . SOMA expressao
   34          | expressao SOMA expressao .
   35          | expressao . SUBTRACAO expressao
   36          | expressao . MULTIPLICACAO expressao
   37          | expressao . DIVISAO expressao
   38          | expressao . IGUAL expressao
   39          | expressao . DIFERENTE expressao
   40          | expressao . MENOR expressao
   41          | expressao . MAIOR expressao
   42          | expressao . MENOR_IGUAL expressao
   43          | expressao . MAIOR_IGUAL expressao

    MULTIPLICACAO  shift, and go to state 71
    DIVISAO        shift, and go to state 72
    IGUAL          shift, and go to state 90
    DIFERENTE      shift, and go to state 91
    MENOR          shift, and go to state 92
    MAIOR          shift, and go to state 93
    MENOR_IGUAL    shift, and go to state 94
    MAIOR_IGUAL    shift, and go to state 95

    $default  reduce using rule 34 (expressao)


State 104

   34 expressao: expressao . SOMA expressao
   35          | expressao . SUBTRACAO expressao
   35          | expressao SUBTRACAO expressao .
   36          | expressao . MULTIPLICACAO expressao
   37          | expressao . DIVISAO expressao
   38          | expressao . IGUAL expressao
   39          | expressao . DIFERENTE expressao
   40          | expressao . MENOR expressao
   41          | expressao . MAIOR expressao
   42          | expressao . MENOR_IGUAL expressao
   43          | expressao . MAIOR_IGUAL expressao

    MULTIPLICACAO  shift, and go to state 71
    DIVISAO        shift, and go to state 72
    IGUAL          shift, and go to state 90
    DIFERENTE      shift, and go to state 91
    MENOR          shift, and go to state 92
    MAIOR          shift, and go to state 93
    MENOR_IGUAL    shift, and go to state 94
    MAIOR_IGUAL    shift, and go to state 95

    $default  reduce using rule 35 (expressao)


State 105

   34 expressao: expressao . SOMA expressao
   35          | expressao . SUBTRACAO expressao
   36          | expressao . MULTIPLICACAO expressao
   36          | expressao MULTIPLICACAO expressao .
   37          | expressao . DIVISAO expressao
   38          | expressao . IGUAL expressao
   39          | expressao . DIFERENTE expressao
   40          | expressao . MENOR expressao
   41          | expressao . MAIOR expressao
   42          | expressao . MENOR_IGUAL expressao
   43          | expressao . MAIOR_IGUAL expressao

    IGUAL        shift, and go to state 90
    DIFERENTE    shift, and go to state 91
    MENOR        shift, and go to state 92
    MAIOR        shift, and go to state 93
    MENOR_IGUAL  shift, and go to state 94
    MAIOR_IGUAL  shift, and go to state 95

    $default  reduce using rule 36 (expressao)


State 106

   34 expressao: expressao . SOMA expressao
   35          | expressao . SUBTRACAO expressao
   36          | expressao . MULTIPLICACAO expressao
   37          | expressao . DIVISAO expressao
   37          | expressao DIVISAO expressao .
   38          | expressao . IGUAL expressao
   39          | expressao . DIFERENTE expressao
   40          | expressao . MENOR expressao
   41          | expressao . MAIOR expressao
   42          | expressao . MENOR_IGUAL expressao
   43          | expressao . MAIOR_IGUAL expressao

    IGUAL        shift, and go to state 90
    DIFERENTE    shift, and go to state 91
    MENOR        shift, and go to state 92
    MAIOR        shift, and go to state 93
    MENOR_IGUAL  shift, and go to state 94
    MAIOR_IGUAL  shift, and go to state 95

    $default  reduce using rule 37 (expressao)


State 107

   34 expressao: expressao . SOMA expressao
   35          | expressao . SUBTRACAO expressao
   36          | expressao . MULTIPLICACAO expressao
   37          | expressao . DIVISAO expressao
   38          | expressao . IGUAL expressao
   38          | expressao IGUAL expressao .
   39          | expressao . DIFERENTE expressao
   40          | expressao . MENOR expressao
   41          | expressao . MAIOR expressao
   42          | expressao . MENOR_IGUAL expressao
   43          | expressao . MAIOR_IGUAL expressao
   45 condicao: expressao IGUAL expressao .

    SOMA           reduce using rule 38 (expressao)
    SUBTRACAO      reduce using rule 38 (expressao)
    MULTIPLICACAO  reduce using rule 38 (expressao)
    DIVISAO        reduce using rule 38 (expressao)
    IGUAL          reduce using rule 38 (expressao)
    DIFERENTE      reduce using rule 38 (expressao)
    MENOR          reduce using rule 38 (expressao)
    MAIOR          reduce using rule 38 (expressao)
    MENOR_IGUAL    reduce using rule 38 (expressao)
    MAIOR_IGUAL    reduce using rule 38 (expressao)
    $default       reduce using rule 45 (condicao)


State 108

   34 expressao: expressao . SOMA expressao
   35          | expressao . SUBTRACAO expressao
   36          | expressao . MULTIPLICACAO expressao
   37          | expressao . DIVISAO expressao
   38          | expressao . IGUAL expressao
   39          | expressao . DIFERENTE expressao
   39          | expressao DIFERENTE expressao .
   40          | expressao . MENOR expressao
   41          | expressao . MAIOR expressao
   42          | expressao . MENOR_IGUAL expressao
   43          | expressao . MAIOR_IGUAL expressao
   46 condicao: expressao DIFERENTE expressao .

    SOMA           reduce using rule 39 (expressao)
    SUBTRACAO      reduce using rule 39 (expressao)
    MULTIPLICACAO  reduce using rule 39 (expressao)
    DIVISAO        reduce using rule 39 (expressao)
    IGUAL          reduce using rule 39 (expressao)
    DIFERENTE      reduce using rule 39 (expressao)
    MENOR          reduce using rule 39 (expressao)
    MAIOR          reduce using rule 39 (expressao)
    MENOR_IGUAL    reduce using rule 39 (expressao)
    MAIOR_IGUAL    reduce using rule 39 (expressao)
    $default       reduce using rule 46 (condicao)


State 109

   34 expressao: expressao . SOMA expressao
   35          | expressao . SUBTRACAO expressao
   36          | expressao . MULTIPLICACAO expressao
   37          | expressao . DIVISAO expressao
   38          | expressao . IGUAL expressao
   39          | expressao . DIFERENTE expressao
   40          | expressao . MENOR expressao
   40          | expressao MENOR expressao .
   41          | expressao . MAIOR expressao
   42          | expressao . MENOR_IGUAL expressao
   43          | expressao . MAIOR_IGUAL expressao
   47 condicao: expressao MENOR expressao .

    SOMA           reduce using rule 40 (expressao)
    SUBTRACAO      reduce using rule 40 (expressao)
    MULTIPLICACAO  reduce using rule 40 (expressao)
    DIVISAO        reduce using rule 40 (expressao)
    IGUAL          reduce using rule 40 (expressao)
    DIFERENTE      reduce using rule 40 (expressao)
    MENOR          reduce using rule 40 (expressao)
    MAIOR          reduce using rule 40 (expressao)
    MENOR_IGUAL    reduce using rule 40 (expressao)
    MAIOR_IGUAL    reduce using rule 40 (expressao)
    $default       reduce using rule 47 (condicao)


State 110

   34 expressao: expressao . SOMA expressao
   35          | expressao . SUBTRACAO expressao
   36          | expressao . MULTIPLICACAO expressao
   37          | expressao . DIVISAO expressao
   38          | expressao . IGUAL expressao
   39          | expressao . DIFERENTE expressao
   40          | expressao . MENOR expressao
   41          | expressao . MAIOR expressao
   41          | expressao MAIOR expressao .
   42          | expressao . MENOR_IGUAL expressao
   43          | expressao . MAIOR_IGUAL expressao
   48 condicao: expressao MAIOR expressao .

    SOMA           reduce using rule 41 (expressao)
    SUBTRACAO      reduce using rule 41 (expressao)
    MULTIPLICACAO  reduce using rule 41 (expressao)
    DIVISAO        reduce using rule 41 (expressao)
    IGUAL          reduce using rule 41 (expressao)
    DIFERENTE      reduce using rule 41 (expressao)
    MENOR          reduce using rule 41 (expressao)
    MAIOR          reduce using rule 41 (expressao)
    MENOR_IGUAL    reduce using rule 41 (expressao)
    MAIOR_IGUAL    reduce using rule 41 (expressao)
    $default       reduce using rule 48 (condicao)


State 111

   34 expressao: expressao . SOMA expressao
   35          | expressao . SUBTRACAO expressao
   36          | expressao . MULTIPLICACAO expressao
   37          | expressao . DIVISAO expressao
   38          | expressao . IGUAL expressao
   39          | expressao . DIFERENTE expressao
   40          | expressao . MENOR expressao
   41          | expressao . MAIOR expressao
   42          | expressao . MENOR_IGUAL expressao
   42          | expressao MENOR_IGUAL expressao .
   43          | expressao . MAIOR_IGUAL expressao
   49 condicao: expressao MENOR_IGUAL expressao .

    SOMA           reduce using rule 42 (expressao)
    SUBTRACAO      reduce using rule 42 (expressao)
    MULTIPLICACAO  reduce using rule 42 (expressao)
    DIVISAO        reduce using rule 42 (expressao)
    IGUAL          reduce using rule 42 (expressao)
    DIFERENTE      reduce using rule 42 (expressao)
    MENOR          reduce using rule 42 (expressao)
    MAIOR          reduce using rule 42 (expressao)
    MENOR_IGUAL    reduce using rule 42 (expressao)
    MAIOR_IGUAL    reduce using rule 42 (expressao)
    $default       reduce using rule 49 (condicao)


State 112

   34 expressao: expressao . SOMA expressao
   35          | expressao . SUBTRACAO expressao
   36          | expressao . MULTIPLICACAO expressao
   37          | expressao . DIVISAO expressao
   38          | expressao . IGUAL expressao
   39          | expressao . DIFERENTE expressao
   40          | expressao . MENOR expressao
   41          | expressao . MAIOR expressao
   42          | expressao . MENOR_IGUAL expressao
   43          | expressao . MAIOR_IGUAL expressao
   43          | expressao MAIOR_IGUAL expressao .
   50 condicao: expressao MAIOR_IGUAL expressao .

    SOMA           reduce using rule 43 (expressao)
    SUBTRACAO      reduce using rule 43 (expressao)
    MULTIPLICACAO  reduce using rule 43 (expressao)
    DIVISAO        reduce using rule 43 (expressao)
    IGUAL          reduce using rule 43 (expressao)
    DIFERENTE      reduce using rule 43 (expressao)
    MENOR          reduce using rule 43 (expressao)
    MAIOR          reduce using rule 43 (expressao)
    MENOR_IGUAL    reduce using rule 43 (expressao)
    MAIOR_IGUAL    reduce using rule 43 (expressao)
    $default       reduce using rule 50 (condicao)


State 113

    8 comandos: comandos . comando
   21 comando: SE condicao ENTAO comandos . SENAO comandos FIM
   23        | SE condicao ENTAO comandos . FIM

    IDENTIFICADOR      shift, and go to state 14
    CONFIGURAR         shift, and go to state 15
    LIGAR              shift, and go to state 16
    DESLIGAR           shift, and go to state 17
    ESPERAR            shift, and go to state 18
    FIM                shift, and go to state 129
    CONECTAR_WIFI      shift, and go to state 19
    CONFIGURAR_PWM     shift, and go to state 20
    AJUSTAR_PWM        shift, and go to state 21
    SE                 shift, and go to state 22
    SENAO              shift, and go to state 130
    ENQUANTO           shift, and go to state 23
    ESCREVER_SERIAL    shift, and go to state 24
    ENVIAR_HTTP        shift, and go to state 25
    CONFIGURAR_SERIAL  shift, and go to state 26

    comando  go to state 53


State 114

   24 comando: ENQUANTO condicao comandos FIM .

    $default  reduce using rule 24 (comando)


State 115

   28 comando: ENVIAR_HTTP STRING STRING PONTO_E_VIRGULA .

    $default  reduce using rule 28 (comando)


State 116

   16 comando: IDENTIFICADOR IGUALDADE LER_DIGITAL IDENTIFICADOR PONTO_E_VIRGULA .

    $default  reduce using rule 16 (comando)


State 117

   17 comando: IDENTIFICADOR IGUALDADE LER_ANALOGICO IDENTIFICADOR PONTO_E_VIRGULA .

    $default  reduce using rule 17 (comando)


State 118

   34 expressao: expressao . SOMA expressao
   35          | expressao . SUBTRACAO expressao
   36          | expressao . MULTIPLICACAO expressao
   37          | expressao . DIVISAO expressao
   38          | expressao . IGUAL expressao
   38          | expressao IGUAL expressao .
   39          | expressao . DIFERENTE expressao
   40          | expressao . MENOR expressao
   41          | expressao . MAIOR expressao
   42          | expressao . MENOR_IGUAL expressao
   43          | expressao . MAIOR_IGUAL expressao

    $default  reduce using rule 38 (expressao)


State 119

   34 expressao: expressao . SOMA expressao
   35          | expressao . SUBTRACAO expressao
   36          | expressao . MULTIPLICACAO expressao
   37          | expressao . DIVISAO expressao
   38          | expressao . IGUAL expressao
   39          | expressao . DIFERENTE expressao
   39          | expressao DIFERENTE expressao .
   40          | expressao . MENOR expressao
   41          | expressao . MAIOR expressao
   42          | expressao . MENOR_IGUAL expressao
   43          | expressao . MAIOR_IGUAL expressao

    $default  reduce using rule 39 (expressao)


State 120

   34 expressao: expressao . SOMA expressao
   35          | expressao . SUBTRACAO expressao
   36          | expressao . MULTIPLICACAO expressao
   37          | expressao . DIVISAO expressao
   38          | expressao . IGUAL expressao
   39          | expressao . DIFERENTE expressao
   40          | expressao . MENOR expressao
   40          | expressao MENOR expressao .
   41          | expressao . MAIOR expressao
   42          | expressao . MENOR_IGUAL expressao
   43          | expressao . MAIOR_IGUAL expressao

    $default  reduce using rule 40 (expressao)


State 121

   34 expressao: expressao . SOMA expressao
   35          | expressao . SUBTRACAO expressao
   36          | expressao . MULTIPLICACAO expressao
   37          | expressao . DIVISAO expressao
   38          | expressao . IGUAL expressao
   39          | expressao . DIFERENTE expressao
   40          | expressao . MENOR expressao
   41          | expressao . MAIOR expressao
   41          | expressao MAIOR expressao .
   42          | expressao . MENOR_IGUAL expressao
   43          | expressao . MAIOR_IGUAL expressao

    $default  reduce using rule 41 (expressao)


State 122

   34 expressao: expressao . SOMA expressao
   35          | expressao . SUBTRACAO expressao
   36          | expressao . MULTIPLICACAO expressao
   37          | expressao . DIVISAO expressao
   38          | expressao . IGUAL expressao
   39          | expressao . DIFERENTE expressao
   40          | expressao . MENOR expressao
   41          | expressao . MAIOR expressao
   42          | expressao . MENOR_IGUAL expressao
   42          | expressao MENOR_IGUAL expressao .
   43          | expressao . MAIOR_IGUAL expressao

    $default  reduce using rule 42 (expressao)


State 123

   34 expressao: expressao . SOMA expressao
   35          | expressao . SUBTRACAO expressao
   36          | expressao . MULTIPLICACAO expressao
   37          | expressao . DIVISAO expressao
   38          | expressao . IGUAL expressao
   39          | expressao . DIFERENTE expressao
   40          | expressao . MENOR expressao
   41          | expressao . MAIOR expressao
   42          | expressao . MENOR_IGUAL expressao
   43          | expressao . MAIOR_IGUAL expressao
   43          | expressao MAIOR_IGUAL expressao .

    $default  reduce using rule 43 (expressao)


State 124

   10 comando: CONFIGURAR IDENTIFICADOR COMO SAIDA PONTO_E_VIRGULA .

    $default  reduce using rule 10 (comando)


State 125

   11 comando: CONFIGURAR IDENTIFICADOR COMO ENTRADA PONTO_E_VIRGULA .

    $default  reduce using rule 11 (comando)


State 126

   18 comando: CONFIGURAR_PWM IDENTIFICADOR COM FREQUENCIA NUM . RESOLUCAO NUM PONTO_E_VIRGULA

    RESOLUCAO  shift, and go to state 131


State 127

   19 comando: AJUSTAR_PWM IDENTIFICADOR COM VALOR IDENTIFICADOR . PONTO_E_VIRGULA

    PONTO_E_VIRGULA  shift, and go to state 132


State 128

   20 comando: AJUSTAR_PWM IDENTIFICADOR COM VALOR NUM . PONTO_E_VIRGULA

    PONTO_E_VIRGULA  shift, and go to state 133


State 129

   23 comando: SE condicao ENTAO comandos FIM .

    $default  reduce using rule 23 (comando)


State 130

   21 comando: SE condicao ENTAO comandos SENAO . comandos FIM

    IDENTIFICADOR      shift, and go to state 14
    CONFIGURAR         shift, and go to state 15
    LIGAR              shift, and go to state 16
    DESLIGAR           shift, and go to state 17
    ESPERAR            shift, and go to state 18
    CONECTAR_WIFI      shift, and go to state 19
    CONFIGURAR_PWM     shift, and go to state 20
    AJUSTAR_PWM        shift, and go to state 21
    SE                 shift, and go to state 22
    ENQUANTO           shift, and go to state 23
    ESCREVER_SERIAL    shift, and go to state 24
    ENVIAR_HTTP        shift, and go to state 25
    CONFIGURAR_SERIAL  shift, and go to state 26

    comandos  go to state 134
    comando   go to state 28


State 131

   18 comando: CONFIGURAR_PWM IDENTIFICADOR COM FREQUENCIA NUM RESOLUCAO . NUM PONTO_E_VIRGULA

    NUM  shift, and go to state 135


State 132

   19 comando: AJUSTAR_PWM IDENTIFICADOR COM VALOR IDENTIFICADOR PONTO_E_VIRGULA .

    $default  reduce using rule 19 (comando)


State 133

   20 comando: AJUSTAR_PWM IDENTIFICADOR COM VALOR NUM PONTO_E_VIRGULA .

    $default  reduce using rule 20 (comando)


State 134

    8 comandos: comandos . comando
   21 comando: SE condicao ENTAO comandos SENAO comandos . FIM

    IDENTIFICADOR      shift, and go to state 14
    CONFIGURAR         shift, and go to state 15
    LIGAR              shift, and go to state 16
    DESLIGAR           shift, and go to state 17
    ESPERAR            shift, and go to state 18
    FIM                shift, and go to state 136
    CONECTAR_WIFI      shift, and go to state 19
    CONFIGURAR_PWM     shift, and go to state 20
    AJUSTAR_PWM        shift, and go to state 21
    SE                 shift, and go to state 22
    ENQUANTO           shift, and go to state 23
    ESCREVER_SERIAL    shift, and go to state 24
    ENVIAR_HTTP        shift, and go to state 25
    CONFIGURAR_SERIAL  shift, and go to state 26

    comando  go to state 53


State 135

   18 comando: CONFIGURAR_PWM IDENTIFICADOR COM FREQUENCIA NUM RESOLUCAO NUM . PONTO_E_VIRGULA

    PONTO_E_VIRGULA  shift, and go to state 137


State 136

   21 comando: SE condicao ENTAO comandos SENAO comandos FIM .

    $default  reduce using rule 21 (comando)


State 137

   18 comando: CONFIGURAR_PWM IDENTIFICADOR COM FREQUENCIA NUM RESOLUCAO NUM PONTO_E_VIRGULA .

    $default  reduce using rule 18 (comando)
